1612546709937	geckodriver	INFO	Listening on 127.0.0.1:52940
1612546713115	mozrunner::runner	INFO	Running command: "C:\\Program Files\\Mozilla Firefox\\firefox.exe" "--marionette" "-foreground" "-no-remote" "-profile" "C:\\Users\\simse\\AppData\\Local\\Temp\\rust_mozprofilefeNaiz"
Can't find symbol 'eglSwapBuffersWithDamageEXT'.
Can't find symbol 'eglSetDamageRegionKHR'.
JavaScript error: resource://gre/modules/XULStore.jsm, line 66: Error: Can't find profile directory.
console.warn: SearchSettings: "get: No settings file exists, new profile?" (new Error("", "(unknown module)"))
1612546722943	Marionette	INFO	Listening on port 52948
1612546723149	Marionette	WARN	TLS certificate errors will be ignored for this session
1612546785269	Marionette	INFO	Stopped listening on port 52948

###!!! [Child][RunMessage] Error: Channel closing: too late to send/recv, messages will be lost


###!!! [Child][MessageChannel::SendAndWait] Error: Channel error: cannot send/recv

1612546786981	geckodriver	INFO	Listening on 127.0.0.1:53022
1612546790052	mozrunner::runner	INFO	Running command: "C:\\Program Files\\Mozilla Firefox\\firefox.exe" "--marionette" "-foreground" "-no-remote" "-profile" "C:\\Users\\simse\\AppData\\Local\\Temp\\rust_mozprofilerqMc3v"
Can't find symbol 'eglSwapBuffersWithDamageEXT'.
Can't find symbol 'eglSetDamageRegionKHR'.
JavaScript error: resource://gre/modules/XULStore.jsm, line 66: Error: Can't find profile directory.
console.warn: SearchSettings: "get: No settings file exists, new profile?" (new Error("", "(unknown module)"))
1612546797174	Marionette	INFO	Listening on port 53030
1612546797455	Marionette	WARN	TLS certificate errors will be ignored for this session
1612546800717	Marionette	INFO	Stopped listening on port 53030

###!!! [Child][RunMessage] Error: Channel closing: too late to send/recv, messages will be lost


###!!! [Child][MessageChannel::SendAndWait] Error: Channel error: cannot send/recv

